[debug] [2021-02-13T03:27:25.837Z] ----------------------------------------------------------------------
[debug] [2021-02-13T03:27:25.841Z] Command:       C:\Program Files\nodejs\node.exe C:\Users\vinic\AppData\Roaming\npm\node_modules\firebase-tools\lib\bin\firebase.js deploy
[debug] [2021-02-13T03:27:25.841Z] CLI Version:   9.2.1
[debug] [2021-02-13T03:27:25.842Z] Platform:      win32
[debug] [2021-02-13T03:27:25.842Z] Node Version:  v14.15.4
[debug] [2021-02-13T03:27:25.844Z] Time:          Sat Feb 13 2021 00:27:25 GMT-0300 (Horário Padrão de Brasília)
[debug] [2021-02-13T03:27:25.844Z] ----------------------------------------------------------------------
[debug] [2021-02-13T03:27:25.844Z] 
[debug] [2021-02-13T03:27:25.860Z] > command requires scopes: ["email","openid","https://www.googleapis.com/auth/cloudplatformprojects.readonly","https://www.googleapis.com/auth/firebase","https://www.googleapis.com/auth/cloud-platform"]
[debug] [2021-02-13T03:27:25.862Z] > authorizing via signed-in user
[debug] [2021-02-13T03:27:25.862Z] [iam] checking project event-platform-concafras for permissions ["firebase.projects.get","firebasehosting.sites.update"]
[debug] [2021-02-13T03:27:25.866Z] > refreshing access token with scopes: ["email","https://www.googleapis.com/auth/cloud-platform","https://www.googleapis.com/auth/cloudplatformprojects.readonly","https://www.googleapis.com/auth/firebase","openid"]
[debug] [2021-02-13T03:27:25.867Z] >>> HTTP REQUEST POST https://www.googleapis.com/oauth2/v3/token  
 <request body omitted>
[debug] [2021-02-13T03:27:36.987Z] [iam] error while checking permissions, command may fail: FirebaseError: Authentication Error: Your credentials are no longer valid. Please run firebase login --reauth

For CI servers and headless environments, generate a new token with firebase login:ci
[debug] [2021-02-13T03:27:36.989Z] > refreshing access token with scopes: []
[debug] [2021-02-13T03:27:36.989Z] >>> HTTP REQUEST POST https://www.googleapis.com/oauth2/v3/token  
 <request body omitted>
[debug] [2021-02-13T03:27:36.995Z] Authentication Error: Your credentials are no longer valid. Please run firebase login --reauth

For CI servers and headless environments, generate a new token with firebase login:ci
[debug] [2021-02-13T03:27:36.998Z] FirebaseError: Authentication Error: Your credentials are no longer valid. Please run firebase login --reauth

For CI servers and headless environments, generate a new token with firebase login:ci
    at Object.<anonymous> (C:\Users\vinic\AppData\Roaming\npm\node_modules\firebase-tools\lib\auth.js:23:32)
    at Module._compile (internal/modules/cjs/loader.js:1063:30)
    at Object.Module._extensions..js (internal/modules/cjs/loader.js:1092:10)
    at Module.load (internal/modules/cjs/loader.js:928:32)
    at Function.Module._load (internal/modules/cjs/loader.js:769:14)
    at Module.require (internal/modules/cjs/loader.js:952:19)
    at require (internal/modules/cjs/helpers.js:88:18)
    at Object.<anonymous> (C:\Users\vinic\AppData\Roaming\npm\node_modules\firebase-tools\lib\init\features\hosting\github.js:11:16)
    at Module._compile (internal/modules/cjs/loader.js:1063:30)
    at Object.Module._extensions..js (internal/modules/cjs/loader.js:1092:10)
    at Module.load (internal/modules/cjs/loader.js:928:32)
    at Function.Module._load (internal/modules/cjs/loader.js:769:14)
    at Module.require (internal/modules/cjs/loader.js:952:19)
    at require (internal/modules/cjs/helpers.js:88:18)
    at Object.<anonymous> (C:\Users\vinic\AppData\Roaming\npm\node_modules\firebase-tools\lib\init\features\hosting\index.js:5:24)
    at Module._compile (internal/modules/cjs/loader.js:1063:30)
[error] 
[error] Error: Failed to get Firebase project event-platform-concafras. Please make sure the project exists and your account has permission to access it.
